0 silly argv [object Object]
1 notice cli v2.3.0
2 verbose rootPath /home/tyler/hub-core
3 verbose project workspaces packages packages/*
4 info current project version 0.8.4
5 silly isAnythingCommitted
6 verbose isAnythingCommitted 1
7 silly currentBranch
8 verbose currentBranch devops
9 silly remoteBranchExists
10 silly isBehindUpstream
11 silly isBehindUpstream devops is behind origin/devops by 0 commit(s) and ahead by 0
12 silly hasTags
13 verbose hasTags true
14 silly git-describe parsed => {"lastTagName":"v0.8.4","lastVersion":"v0.8.4","refCount":"2","sha":"a8012fa","isDirty":false}
15 info Looking for changed packages since v0.8.4
16 silly checking diff packages/api
17 silly found diff in packages/api/src/main.ts
18 verbose filtered diff packages/api/src/main.ts
19 silly checking diff packages/common
20 silly no diff found in @huebot-hub-core/common
21 silly checking diff packages/mqtt
22 silly no diff found in @huebot-hub-core/mqtt
23 verbose updated @huebot-hub-core/api
24 silly git-describe parsed => {"lastTagName":"v0.8.4","lastVersion":"v0.8.4","refCount":"2","sha":"a8012fa","isDirty":false}
25 silly fixed for @huebot-hub-core/api at /home/tyler/hub-core/packages/api
26 verbose getChangelogConfig using preset "conventional-changelog-angular"
27 silly npa Result {
27 silly npa   type: 'range',
27 silly npa   registry: true,
27 silly npa   where: undefined,
27 silly npa   raw: 'conventional-changelog-angular',
27 silly npa   name: 'conventional-changelog-angular',
27 silly npa   escapedName: 'conventional-changelog-angular',
27 silly npa   scope: undefined,
27 silly npa   rawSpec: '*',
27 silly npa   saveSpec: null,
27 silly npa   fetchSpec: '*',
27 silly npa   gitRange: undefined,
27 silly npa   gitCommittish: undefined,
27 silly npa   gitSubdir: undefined,
27 silly npa   hosted: undefined
27 silly npa }
28 verbose getChangelogConfig Attempting to resolve preset "conventional-changelog-angular"
29 info getChangelogConfig Successfully resolved preset "conventional-changelog-angular"
30 verbose fixed increment 0.8.4 by patch - @huebot-hub-core/api
31 info auto-confirmed
32 silly lifecycle No script for "preversion" in "@huebot-hub-core/main", continuing
33 silly lifecycle No script for "preversion" in "@huebot-hub-core/api", continuing
34 silly lifecycle No script for "version" in "@huebot-hub-core/api", continuing
35 silly fixed for @huebot-hub-core/api at /home/tyler/hub-core/packages/api
36 silly fixed writing new entry: "## [0.8.5](https://github.com/huebot-iot/hub-core/compare/v0.8.4...v0.8.5) (2023-05-14)\n\n**Note:** Version bump only for package @huebot-hub-core/api\n\n\n\n"
37 verbose fixed wrote /home/tyler/hub-core/packages/api/CHANGELOG.md
38 silly root for @huebot-hub-core/main at /home/tyler/hub-core
39 silly root writing new entry: "## [0.8.5](https://github.com/huebot-iot/hub-core/compare/v0.8.4...v0.8.5) (2023-05-14)\n\n**Note:** Version bump only for package @huebot-hub-core/main\n\n\n\n"
40 verbose root wrote /home/tyler/hub-core/CHANGELOG.md
41 silly lifecycle No script for "version" in "@huebot-hub-core/main", continuing
42 silly gitAdd packages/api/package.json,packages/api/CHANGELOG.md,CHANGELOG.md,lerna.json
43 error TypeError: this.options.message.replace is not a function
43 error     at VersionCommand.gitCommitAndTagVersion (file:///home/tyler/hub-core/node_modules/@lerna-lite/version/dist/version-command.js:507:69)
43 error     at VersionCommand.commitAndTagUpdates (file:///home/tyler/hub-core/node_modules/@lerna-lite/version/dist/version-command.js:487:36)
43 error     at VersionCommand.execute (file:///home/tyler/hub-core/node_modules/@lerna-lite/version/dist/version-command.js:200:24)
